Unity Editor version:    2021.3.15f1 (e8e88683f834)
Branch:                  2021.3/staging
Build type:              Release
Batch mode:              YES
macOS version:           Version 10.14.6 (Build 18G103)
Darwin version:          18.7.0
Architecture:            x86_64
Running under Rosetta:   NO
Available memory:        16384 MB
Using pre-set license
Pro License: YES

COMMAND LINE ARGUMENTS:
/Applications/Unity/Hub/Editor/2021.3.15f1/Unity.app/Contents/MacOS/Unity
-adb2
-batchMode
-noUpm
-name
AssetImportWorker0
-projectPath
/Users/augustusboehling/Desktop/aug ling/GITHUB/bmct/brave mouse cartographer trilogy
-logFile
Logs/AssetImportWorker0.log
-srvPort
54206
Successfully changed project path to: /Users/augustusboehling/Desktop/aug ling/GITHUB/bmct/brave mouse cartographer trilogy
/Users/augustusboehling/Desktop/aug ling/GITHUB/bmct/brave mouse cartographer trilogy
[UnityMemory] Configuration Parameters - Can be set up in boot.config
    "memorysetup-bucket-allocator-granularity=16"
    "memorysetup-bucket-allocator-bucket-count=8"
    "memorysetup-bucket-allocator-block-size=33554432"
    "memorysetup-bucket-allocator-block-count=8"
    "memorysetup-main-allocator-block-size=16777216"
    "memorysetup-thread-allocator-block-size=16777216"
    "memorysetup-gfx-main-allocator-block-size=16777216"
    "memorysetup-gfx-thread-allocator-block-size=16777216"
    "memorysetup-cache-allocator-block-size=4194304"
    "memorysetup-typetree-allocator-block-size=2097152"
    "memorysetup-profiler-bucket-allocator-granularity=16"
    "memorysetup-profiler-bucket-allocator-bucket-count=8"
    "memorysetup-profiler-bucket-allocator-block-size=33554432"
    "memorysetup-profiler-bucket-allocator-block-count=8"
    "memorysetup-profiler-allocator-block-size=16777216"
    "memorysetup-profiler-editor-allocator-block-size=1048576"
    "memorysetup-temp-allocator-size-main=16777216"
    "memorysetup-job-temp-allocator-block-size=2097152"
    "memorysetup-job-temp-allocator-block-size-background=1048576"
    "memorysetup-job-temp-allocator-reduction-small-platforms=262144"
    "memorysetup-temp-allocator-size-background-worker=32768"
    "memorysetup-temp-allocator-size-job-worker=262144"
    "memorysetup-temp-allocator-size-preload-manager=33554432"
    "memorysetup-temp-allocator-size-nav-mesh-worker=65536"
    "memorysetup-temp-allocator-size-audio-worker=65536"
    "memorysetup-temp-allocator-size-cloud-worker=32768"
    "memorysetup-temp-allocator-size-gi-baking-worker=262144"
    "memorysetup-temp-allocator-size-gfx=262144"
Player connection [4432520640] Host "[IP] 192.168.129.208 [Port] 0 [Flags] 2 [Guid] 891089418 [EditorId] 891089418 [Version] 1048832 [Id] OSXEditor(0,Augustuss-MBP.lan) [Debug] 1 [PackageName] OSXEditor [ProjectName] Editor" joined multi-casting on [225.0.0.222:54997]...

Player connection [4432520640] Host "[IP] 192.168.129.208 [Port] 0 [Flags] 2 [Guid] 891089418 [EditorId] 891089418 [Version] 1048832 [Id] OSXEditor(0,Augustuss-MBP.lan) [Debug] 1 [PackageName] OSXEditor [ProjectName] Editor" joined alternative multi-casting on [225.0.0.222:34997]...

Refreshing native plugins compatible for Editor in 72.16 ms, found 3 plugins.
Preloading 0 native plugins for Editor in 0.00 ms.
Initialize engine version: 2021.3.15f1 (e8e88683f834)
[Subsystems] Discovering subsystems at path /Applications/Unity/Hub/Editor/2021.3.15f1/Unity.app/Contents/Resources/UnitySubsystems
[Subsystems] Discovering subsystems at path /Users/augustusboehling/Desktop/aug ling/GITHUB/bmct/brave mouse cartographer trilogy/Assets
GfxDevice: creating device client; threaded=0; jobified=0
Color LCD preferred device: NVIDIA GeForce GT 750M (high power)
Metal devices available: 2
0: NVIDIA GeForce GT 750M (high power)
1: Intel Iris Pro Graphics (low power)
Using device NVIDIA GeForce GT 750M (high power)
Initializing Metal device caps: NVIDIA GeForce GT 750M
Initialize mono
Mono path[0] = '/Applications/Unity/Hub/Editor/2021.3.15f1/Unity.app/Contents/Managed'
Mono path[1] = '/Applications/Unity/Hub/Editor/2021.3.15f1/Unity.app/Contents/MonoBleedingEdge/lib/mono/unityjit-macos'
Mono config path = '/Applications/Unity/Hub/Editor/2021.3.15f1/Unity.app/Contents/MonoBleedingEdge/etc'
Using monoOptions --debugger-agent=transport=dt_socket,embedding=1,server=y,suspend=n,address=127.0.0.1:56652
Begin MonoManager ReloadAssembly
Registering precompiled unity dll's ...
Register platform support module: /Applications/Unity/Hub/Editor/2021.3.15f1/Unity.app/Contents/PlaybackEngines/MacStandaloneSupport/UnityEditor.OSXStandalone.Extensions.dll
Register platform support module: /Applications/Unity/Hub/Editor/2021.3.15f1/PlaybackEngines/AndroidPlayer/UnityEditor.Android.Extensions.dll
Register platform support module: /Applications/Unity/Hub/Editor/2021.3.15f1/PlaybackEngines/iOSSupport/UnityEditor.iOS.Extensions.dll
Register platform support module: /Applications/Unity/Hub/Editor/2021.3.15f1/PlaybackEngines/WindowsStandaloneSupport/UnityEditor.WindowsStandalone.Extensions.dll
Registered in 0.002838 seconds.
Native extension for WindowsStandalone target not found
[usbmuxd] Start listen thread
[usbmuxd] Listen thread started
[usbmuxd] Send listen message
Native extension for iOS target not found
2024-07-10 09:51:44.131 Unity[18652:2753330] [XcodeApplications] Expected com.apple.dt.Xcode CFBundleIdentifier but found com.DanPristupov.Fork in /Applications/Fork.app/Contents/Info.plist
Native extension for Android target not found
Native extension for OSXStandalone target not found
Refreshing native plugins compatible for Editor in 59.14 ms, found 3 plugins.
Preloading 0 native plugins for Editor in 0.00 ms.
Mono: successfully reloaded assembly
- Completed reload, in  1.054 seconds
Domain Reload Profiling:
	ReloadAssembly (1054ms)
		BeginReloadAssembly (135ms)
			ExecutionOrderSort (0ms)
			DisableScriptedObjects (0ms)
			BackupInstance (0ms)
			ReleaseScriptingObjects (0ms)
			CreateAndSetChildDomain (1ms)
		EndReloadAssembly (742ms)
			LoadAssemblies (138ms)
			RebuildTransferFunctionScriptingTraits (0ms)
			SetupTypeCache (207ms)
			ReleaseScriptCaches (0ms)
			RebuildScriptCaches (50ms)
			SetupLoadedEditorAssemblies (407ms)
				LogAssemblyErrors (0ms)
				InitializePlatformSupportModulesInManaged (133ms)
				SetLoadedEditorAssemblies (1ms)
				RefreshPlugins (59ms)
				BeforeProcessingInitializeOnLoad (2ms)
				ProcessInitializeOnLoadAttributes (143ms)
				ProcessInitializeOnLoadMethodAttributes (69ms)
				AfterProcessingInitializeOnLoad (0ms)
				EditorAssembliesLoaded (0ms)
			ExecutionOrderSort2 (0ms)
			AwakeInstancesAfterBackupRestoration (0ms)
Platform modules already initialized, skipping
Registering precompiled user dll's ...
Registered in 0.001969 seconds.
Begin MonoManager ReloadAssembly
Native extension for WindowsStandalone target not found
Native extension for iOS target not found
2024-07-10 09:51:46.369 Unity[18652:2753330] [XcodeApplications] Expected com.apple.dt.Xcode CFBundleIdentifier but found com.DanPristupov.Fork in /Applications/Fork.app/Contents/Info.plist
Native extension for Android target not found
Native extension for OSXStandalone target not found
Refreshing native plugins compatible for Editor in 1.02 ms, found 3 plugins.
Preloading 0 native plugins for Editor in 0.00 ms.
Package Manager log level set to [2]
Mono: successfully reloaded assembly
- Completed reload, in  1.882 seconds
Domain Reload Profiling:
	ReloadAssembly (1884ms)
		BeginReloadAssembly (265ms)
			ExecutionOrderSort (0ms)
			DisableScriptedObjects (10ms)
			BackupInstance (0ms)
			ReleaseScriptingObjects (0ms)
			CreateAndSetChildDomain (153ms)
		EndReloadAssembly (1430ms)
			LoadAssemblies (125ms)
			RebuildTransferFunctionScriptingTraits (0ms)
			SetupTypeCache (380ms)
			ReleaseScriptCaches (2ms)
			RebuildScriptCaches (88ms)
			SetupLoadedEditorAssemblies (755ms)
				LogAssemblyErrors (0ms)
				InitializePlatformSupportModulesInManaged (36ms)
				SetLoadedEditorAssemblies (1ms)
				RefreshPlugins (1ms)
				BeforeProcessingInitializeOnLoad (93ms)
				ProcessInitializeOnLoadAttributes (377ms)
				ProcessInitializeOnLoadMethodAttributes (245ms)
				AfterProcessingInitializeOnLoad (2ms)
				EditorAssembliesLoaded (1ms)
			ExecutionOrderSort2 (0ms)
			AwakeInstancesAfterBackupRestoration (6ms)
Platform modules already initialized, skipping
========================================================================
Worker process is ready to serve import requests
Launching external process: /Applications/Unity/Hub/Editor/2021.3.15f1/Unity.app/Contents/Tools/UnityShaderCompiler
Launched and connected shader compiler UnityShaderCompiler after 0.02 seconds
Refreshing native plugins compatible for Editor in 0.86 ms, found 3 plugins.
Preloading 0 native plugins for Editor in 0.00 ms.
Unloading 2547 Unused Serialized files (Serialized files now loaded: 0)
Unloading 64 unused Assets / (81.2 KB). Loaded Objects now: 2977.
Memory consumption went from 197.1 MB to 197.0 MB.
Total: 9.143641 ms (FindLiveObjects: 0.262345 ms CreateObjectMapping: 0.127616 ms MarkObjects: 8.615033 ms  DeleteObjects: 0.137524 ms)

AssetImportParameters requested are different than current active one (requested -> active):
  custom:video-decoder-ogg-theora: a1e56fd34408186e4bbccfd4996cb3dc -> 
  custom:container-muxer-webm: aa71ff27fc2769a1b78a27578f13a17b -> 
  custom:container-demuxer-webm: 4f35f7cbe854078d1ac9338744f61a02 -> 
  custom:video-encoder-webm-vp8: eb34c28f22e8b96e1ab97ce403110664 -> 
  custom:framework-osx-AVFoundation: b23960f63f64bdc6ff669e2cdcee2391 -> 
  custom:audio-encoder-webm-vorbis: bf7c407c2cedff20999df2af8eb42d56 -> 
  custom:container-demuxer-ogg: 62fdf1f143b41e24485cea50d1cbac27 -> 
  custom:video-decoder-webm-vp8: 9c59270c3fd7afecdb556c50c9e8de78 -> 
  custom:audio-decoder-ogg-vorbis: bf7c407c2cedff20999df2af8eb42d56 -> 
========================================================================
Received Import Request.
  Time since last request: 147589.400924 seconds.
  path: Assets/New Terrain.asset
  artifactKey: Guid(c5edb2ade9dba450bb47293b15a028a6) Importer(815301076,1909f56bfc062723c751e8b465ee728b)
Start importing Assets/New Terrain.asset using Guid(c5edb2ade9dba450bb47293b15a028a6) Importer(815301076,1909f56bfc062723c751e8b465ee728b)  -> (artifact id: '8dda758dcffe82eb001f2f1673348358') in 0.423609 seconds 
========================================================================
Received Import Request.
  Time since last request: 11.795668 seconds.
  path: Assets/audio/i/cabin-theme.wav
  artifactKey: Guid(7153f45563ba34c0989c3c6ec6ab894a) Importer(815301076,1909f56bfc062723c751e8b465ee728b)
Start importing Assets/audio/i/cabin-theme.wav using Guid(7153f45563ba34c0989c3c6ec6ab894a) Importer(815301076,1909f56bfc062723c751e8b465ee728b)  -> (artifact id: '92dd33932917d1bd24352087f4d9136d') in 0.325394 seconds 
========================================================================
Received Import Request.
  Time since last request: 0.000055 seconds.
  path: Assets/audio/i/pretty loop fm.wav
  artifactKey: Guid(02db8362e47674958b797855c3d57a54) Importer(815301076,1909f56bfc062723c751e8b465ee728b)
Start importing Assets/audio/i/pretty loop fm.wav using Guid(02db8362e47674958b797855c3d57a54) Importer(815301076,1909f56bfc062723c751e8b465ee728b)  -> (artifact id: 'd4418e02e966ec357698dc7f53acc446') in 0.007037 seconds 
========================================================================
Received Import Request.
  Time since last request: 0.000047 seconds.
  path: Assets/audio/i/gritty loop glamourbox.wav
  artifactKey: Guid(285994f6ba8224b4faaf00d3e9b7d7ae) Importer(815301076,1909f56bfc062723c751e8b465ee728b)
Start importing Assets/audio/i/gritty loop glamourbox.wav using Guid(285994f6ba8224b4faaf00d3e9b7d7ae) Importer(815301076,1909f56bfc062723c751e8b465ee728b)  -> (artifact id: '3ff55e38751ff2f8325d6227d531f188') in 0.009298 seconds 
========================================================================
Received Import Request.
  Time since last request: 0.000049 seconds.
  path: Assets/audio/i/shimmery loop.wav
  artifactKey: Guid(317be1d0cf3d64a24b792e7ff4953471) Importer(815301076,1909f56bfc062723c751e8b465ee728b)
Start importing Assets/audio/i/shimmery loop.wav using Guid(317be1d0cf3d64a24b792e7ff4953471) Importer(815301076,1909f56bfc062723c751e8b465ee728b)  -> (artifact id: '18cc4d703d372394d104f05bc033b4d6') in 0.007801 seconds 
========================================================================
Received Import Request.
  Time since last request: 0.000051 seconds.
  path: Assets/audio/i/hiss-loop.wav
  artifactKey: Guid(bd0466a7835fb4ef5942119864000dee) Importer(815301076,1909f56bfc062723c751e8b465ee728b)
Start importing Assets/audio/i/hiss-loop.wav using Guid(bd0466a7835fb4ef5942119864000dee) Importer(815301076,1909f56bfc062723c751e8b465ee728b)  -> (artifact id: 'af67f4d27edaaeda83b4626202aa9dde') in 0.009955 seconds 
========================================================================
Received Import Request.
  Time since last request: 0.000060 seconds.
  path: Assets/audio/i/dark loop guitar.wav
  artifactKey: Guid(131d934f23414453cbf4cd6a92dd3f9d) Importer(815301076,1909f56bfc062723c751e8b465ee728b)
Start importing Assets/audio/i/dark loop guitar.wav using Guid(131d934f23414453cbf4cd6a92dd3f9d) Importer(815301076,1909f56bfc062723c751e8b465ee728b)  -> (artifact id: '35d7353e390d55a3b3367afb8d814168') in 0.009266 seconds 
========================================================================
Received Import Request.
  Time since last request: 0.000042 seconds.
  path: Assets/audio/i/crystal loop.wav
  artifactKey: Guid(8cde190136f65426984f17a276e15a12) Importer(815301076,1909f56bfc062723c751e8b465ee728b)
Start importing Assets/audio/i/crystal loop.wav using Guid(8cde190136f65426984f17a276e15a12) Importer(815301076,1909f56bfc062723c751e8b465ee728b)  -> (artifact id: 'a8508c74631c8881aa619e0bdef8b9b9') in 0.007030 seconds 
========================================================================
Received Import Request.
  Time since last request: 0.000054 seconds.
  path: Assets/audio/i/long ambient loop 2.wav
  artifactKey: Guid(3b24b9169645044a1ac661bef08162b4) Importer(815301076,1909f56bfc062723c751e8b465ee728b)
Start importing Assets/audio/i/long ambient loop 2.wav using Guid(3b24b9169645044a1ac661bef08162b4) Importer(815301076,1909f56bfc062723c751e8b465ee728b)  -> (artifact id: '5b503fd89275101f925e8718af91a547') in 0.014722 seconds 
========================================================================
Received Import Request.
  Time since last request: 0.000036 seconds.
  path: Assets/audio/i/mine sound.wav
  artifactKey: Guid(f4fe57fdcd437470ba957a728f147888) Importer(815301076,1909f56bfc062723c751e8b465ee728b)
Start importing Assets/audio/i/mine sound.wav using Guid(f4fe57fdcd437470ba957a728f147888) Importer(815301076,1909f56bfc062723c751e8b465ee728b)  -> (artifact id: '6938158a756fde53fd578beea21ae88f') in 0.013926 seconds 
========================================================================
Received Import Request.
  Time since last request: 0.000068 seconds.
  path: Assets/audio/i/pretty loop guitar offset.wav
  artifactKey: Guid(4f7a4777a4f764d1f9a9cf6f742a3a85) Importer(815301076,1909f56bfc062723c751e8b465ee728b)
Start importing Assets/audio/i/pretty loop guitar offset.wav using Guid(4f7a4777a4f764d1f9a9cf6f742a3a85) Importer(815301076,1909f56bfc062723c751e8b465ee728b)  -> (artifact id: 'd4730fa039b632c805b5cbc6381605df') in 0.011498 seconds 
========================================================================
Received Import Request.
  Time since last request: 0.000046 seconds.
  path: Assets/audio/i/wind-2.wav
  artifactKey: Guid(91f1def09bab7412b9ae6cba506b423a) Importer(815301076,1909f56bfc062723c751e8b465ee728b)
Start importing Assets/audio/i/wind-2.wav using Guid(91f1def09bab7412b9ae6cba506b423a) Importer(815301076,1909f56bfc062723c751e8b465ee728b)  -> (artifact id: 'ffff577c40f16114ba11e6a2c9b81489') in 0.012377 seconds 
========================================================================
Received Import Request.
  Time since last request: 0.000057 seconds.
  path: Assets/audio/i/pretty loop guitar.wav
  artifactKey: Guid(c23f84c3fa64f4ae9a5c2b85e3bc10e8) Importer(815301076,1909f56bfc062723c751e8b465ee728b)
Start importing Assets/audio/i/pretty loop guitar.wav using Guid(c23f84c3fa64f4ae9a5c2b85e3bc10e8) Importer(815301076,1909f56bfc062723c751e8b465ee728b)  -> (artifact id: '8a8aa4bcbb0414f9043ee8858334f7c9') in 0.012510 seconds 
========================================================================
Received Import Request.
  Time since last request: 0.000057 seconds.
  path: Assets/audio/i/cube sound 2.wav
  artifactKey: Guid(2bbc8c5f26faf4b11a21e3c3cae6ebc3) Importer(815301076,1909f56bfc062723c751e8b465ee728b)
Start importing Assets/audio/i/cube sound 2.wav using Guid(2bbc8c5f26faf4b11a21e3c3cae6ebc3) Importer(815301076,1909f56bfc062723c751e8b465ee728b)  -> (artifact id: '26bd8c9f2ad568e026c067063c3029ef') in 0.015007 seconds 
========================================================================
Received Import Request.
  Time since last request: 0.000048 seconds.
  path: Assets/audio/i/quad2.wav
  artifactKey: Guid(9e6a76cc524414708bbfbf6dca736811) Importer(815301076,1909f56bfc062723c751e8b465ee728b)
Start importing Assets/audio/i/quad2.wav using Guid(9e6a76cc524414708bbfbf6dca736811) Importer(815301076,1909f56bfc062723c751e8b465ee728b)  -> (artifact id: 'ba4c024d5d45ddbf8d1404854fbd4eb8') in 0.012767 seconds 
========================================================================
Received Import Request.
  Time since last request: 0.332141 seconds.
  path: Assets/audio/ii/c64 ambience 1.wav
  artifactKey: Guid(499f2c5652c19404e840eef7fe3fb33a) Importer(815301076,1909f56bfc062723c751e8b465ee728b)
Start importing Assets/audio/ii/c64 ambience 1.wav using Guid(499f2c5652c19404e840eef7fe3fb33a) Importer(815301076,1909f56bfc062723c751e8b465ee728b)  -> (artifact id: '50073eee6f9e988475ff6149fccb7c41') in 0.008113 seconds 
========================================================================
Received Import Request.
  Time since last request: 0.000044 seconds.
  path: Assets/audio/ii/glaciers.wav
  artifactKey: Guid(8872e5ca0e42448208253fb72db4aef1) Importer(815301076,1909f56bfc062723c751e8b465ee728b)
Start importing Assets/audio/ii/glaciers.wav using Guid(8872e5ca0e42448208253fb72db4aef1) Importer(815301076,1909f56bfc062723c751e8b465ee728b)  -> (artifact id: '76da8d1d006be52d7b1795f217a7d0b8') in 0.015893 seconds 
========================================================================
Received Import Request.
  Time since last request: 0.000056 seconds.
  path: Assets/audio/ii/tiny islands.wav
  artifactKey: Guid(63954d1e97bc847cabdd428abf9def90) Importer(815301076,1909f56bfc062723c751e8b465ee728b)
Start importing Assets/audio/ii/tiny islands.wav using Guid(63954d1e97bc847cabdd428abf9def90) Importer(815301076,1909f56bfc062723c751e8b465ee728b)  -> (artifact id: '4c4e81bd0867abdee3b5866c979f0ee0') in 0.013887 seconds 
========================================================================
Received Import Request.
  Time since last request: 0.000054 seconds.
  path: Assets/audio/ii/house loop 1 (base loop).wav
  artifactKey: Guid(eaf0bcc4a86334180b23a2e8afd4e44b) Importer(815301076,1909f56bfc062723c751e8b465ee728b)
Start importing Assets/audio/ii/house loop 1 (base loop).wav using Guid(eaf0bcc4a86334180b23a2e8afd4e44b) Importer(815301076,1909f56bfc062723c751e8b465ee728b)  -> (artifact id: 'c729014176f58d648bd973bc00a17985') in 0.007544 seconds 
========================================================================
Received Import Request.
  Time since last request: 0.000057 seconds.
  path: Assets/audio/ii/quadrant 1.wav
  artifactKey: Guid(b19b264a618244aab9d35907de1cdaa7) Importer(815301076,1909f56bfc062723c751e8b465ee728b)
Start importing Assets/audio/ii/quadrant 1.wav using Guid(b19b264a618244aab9d35907de1cdaa7) Importer(815301076,1909f56bfc062723c751e8b465ee728b)  -> (artifact id: '6ed8e8597ed0d8b6993133e88d00d066') in 0.007420 seconds 
========================================================================
Received Import Request.
  Time since last request: 0.000050 seconds.
  path: Assets/audio/ii/maybe a boat 2.wav
  artifactKey: Guid(8b2d447cb476c413baf2f1fbf6f9987c) Importer(815301076,1909f56bfc062723c751e8b465ee728b)
Start importing Assets/audio/ii/maybe a boat 2.wav using Guid(8b2d447cb476c413baf2f1fbf6f9987c) Importer(815301076,1909f56bfc062723c751e8b465ee728b)  -> (artifact id: '55532ee6b38008c228dc2a18d5fa665e') in 0.009040 seconds 
========================================================================
Received Import Request.
  Time since last request: 0.000061 seconds.
  path: Assets/audio/ii/house loop 1 (bass loop).wav
  artifactKey: Guid(b53f5f838c12947aa909df0f54ecbb10) Importer(815301076,1909f56bfc062723c751e8b465ee728b)
Start importing Assets/audio/ii/house loop 1 (bass loop).wav using Guid(b53f5f838c12947aa909df0f54ecbb10) Importer(815301076,1909f56bfc062723c751e8b465ee728b)  -> (artifact id: '817c97da90bb825a82e05c01a677f1c4') in 0.008519 seconds 
========================================================================
Received Import Request.
  Time since last request: 0.000037 seconds.
  path: Assets/audio/ii/lighthouse loop 2.wav
  artifactKey: Guid(2401668befa84441cb5a2f0d3f9a4d22) Importer(815301076,1909f56bfc062723c751e8b465ee728b)
Start importing Assets/audio/ii/lighthouse loop 2.wav using Guid(2401668befa84441cb5a2f0d3f9a4d22) Importer(815301076,1909f56bfc062723c751e8b465ee728b)  -> (artifact id: 'eb074d7a41d0a1812618e8ccd4abe64e') in 0.013154 seconds 
========================================================================
Received Import Request.
  Time since last request: 0.000041 seconds.
  path: Assets/audio/ii/dark ambience.wav
  artifactKey: Guid(3dbdaa42dfec84ae2ba6128123f6d365) Importer(815301076,1909f56bfc062723c751e8b465ee728b)
Start importing Assets/audio/ii/dark ambience.wav using Guid(3dbdaa42dfec84ae2ba6128123f6d365) Importer(815301076,1909f56bfc062723c751e8b465ee728b)  -> (artifact id: 'd9f3bacd0c820b37b10af84f8468c856') in 0.008755 seconds 
========================================================================
Received Import Request.
  Time since last request: 0.000055 seconds.
  path: Assets/audio/ii/quadrant 4.wav
  artifactKey: Guid(b7f64e7f4af994a87bcc720d6897fbe7) Importer(815301076,1909f56bfc062723c751e8b465ee728b)
Start importing Assets/audio/ii/quadrant 4.wav using Guid(b7f64e7f4af994a87bcc720d6897fbe7) Importer(815301076,1909f56bfc062723c751e8b465ee728b)  -> (artifact id: 'bb172fc6c96a95850ed6c0492b110c7d') in 0.011823 seconds 
========================================================================
Received Import Request.
  Time since last request: 0.000048 seconds.
  path: Assets/audio/ii/quadrant 2.wav
  artifactKey: Guid(3d3229f43463f4d05835349104e2fc04) Importer(815301076,1909f56bfc062723c751e8b465ee728b)
Start importing Assets/audio/ii/quadrant 2.wav using Guid(3d3229f43463f4d05835349104e2fc04) Importer(815301076,1909f56bfc062723c751e8b465ee728b)  -> (artifact id: 'b891e87c083a359ddaf61dee8c01ef5e') in 0.007436 seconds 
========================================================================
Received Import Request.
  Time since last request: 0.581997 seconds.
  path: Assets/images/EMPTY.png
  artifactKey: Guid(2eb0a09652b3c4f588a58734d01fe548) Importer(815301076,1909f56bfc062723c751e8b465ee728b)
Start importing Assets/images/EMPTY.png using Guid(2eb0a09652b3c4f588a58734d01fe548) Importer(815301076,1909f56bfc062723c751e8b465ee728b)  -> (artifact id: 'df3f98626913911749804356e5421692') in 0.522269 seconds 
========================================================================
Received Import Request.
  Time since last request: 0.000064 seconds.
  path: Assets/images/Title2.png
  artifactKey: Guid(2484a02bb6d5d422796f4209b528ac0f) Importer(815301076,1909f56bfc062723c751e8b465ee728b)
Start importing Assets/images/Title2.png using Guid(2484a02bb6d5d422796f4209b528ac0f) Importer(815301076,1909f56bfc062723c751e8b465ee728b)  -> (artifact id: 'c91a9e77de597d8a03b96e96c7cc6304') in 0.054501 seconds 
========================================================================
Received Import Request.
  Time since last request: 1.180594 seconds.
  path: Assets/Font/Courier New.asset
  artifactKey: Guid(372e7f3a5218c4e188c3eb9f96c024da) Importer(815301076,1909f56bfc062723c751e8b465ee728b)
Start importing Assets/Font/Courier New.asset using Guid(372e7f3a5218c4e188c3eb9f96c024da) Importer(815301076,1909f56bfc062723c751e8b465ee728b) Upgrading font asset [Courier New] to version 1.1.0.
UnityEngine.StackTraceUtility:ExtractStackTrace () (at /Users/bokken/build/output/unity/unity/Runtime/Export/Scripting/StackTrace.cs:37)
UnityEngine.DebugLogHandler:LogFormat (UnityEngine.LogType,UnityEngine.Object,string,object[])
UnityEngine.Logger:Log (UnityEngine.LogType,object,UnityEngine.Object)
UnityEngine.Debug:Log (object,UnityEngine.Object)
TMPro.TMP_FontAsset:UpgradeFontAsset () (at Library/PackageCache/com.unity.textmeshpro@3.0.6/Scripts/Runtime/TMP_FontAsset.cs:2865)
TMPro.TMP_FontAsset:ReadFontAssetDefinition () (at Library/PackageCache/com.unity.textmeshpro@3.0.6/Scripts/Runtime/TMP_FontAsset.cs:569)
TMPro.TMP_FontAsset:OnValidate () (at Library/PackageCache/com.unity.textmeshpro@3.0.6/Scripts/Runtime/TMP_FontAsset.cs:555)

(Filename: Library/PackageCache/com.unity.textmeshpro@3.0.6/Scripts/Runtime/TMP_FontAsset.cs Line: 2865)

 -> (artifact id: 'a510eea17067d174bd4a99ccbbe52ce2') in 0.113159 seconds 
========================================================================
Received Import Request.
  Time since last request: 1.927420 seconds.
  path: Assets/audio/CO_Splash.ogg
  artifactKey: Guid(01736ada2b7d843a08928d77acf92b3f) Importer(815301076,1909f56bfc062723c751e8b465ee728b)
Start importing Assets/audio/CO_Splash.ogg using Guid(01736ada2b7d843a08928d77acf92b3f) Importer(815301076,1909f56bfc062723c751e8b465ee728b)  -> (artifact id: '8da0bc87345d790b60033e33805ffffa') in 0.124947 seconds 
========================================================================
Received Prepare
Registering precompiled user dll's ...
Registered in 0.001971 seconds.
Begin MonoManager ReloadAssembly
Native extension for WindowsStandalone target not found
Native extension for iOS target not found
2024-07-10 09:53:18.866 Unity[18652:2753330] [XcodeApplications] Expected com.apple.dt.Xcode CFBundleIdentifier but found com.DanPristupov.Fork in /Applications/Fork.app/Contents/Info.plist
Native extension for Android target not found
Native extension for OSXStandalone target not found
Refreshing native plugins compatible for Editor in 0.88 ms, found 3 plugins.
Preloading 0 native plugins for Editor in 0.00 ms.
Mono: successfully reloaded assembly
- Completed reload, in  1.401 seconds
Domain Reload Profiling:
	ReloadAssembly (1402ms)
		BeginReloadAssembly (173ms)
			ExecutionOrderSort (0ms)
			DisableScriptedObjects (8ms)
			BackupInstance (0ms)
			ReleaseScriptingObjects (0ms)
			CreateAndSetChildDomain (80ms)
		EndReloadAssembly (1082ms)
			LoadAssemblies (73ms)
			RebuildTransferFunctionScriptingTraits (0ms)
			SetupTypeCache (292ms)
			ReleaseScriptCaches (2ms)
			RebuildScriptCaches (69ms)
			SetupLoadedEditorAssemblies (579ms)
				LogAssemblyErrors (0ms)
				InitializePlatformSupportModulesInManaged (36ms)
				SetLoadedEditorAssemblies (1ms)
				RefreshPlugins (1ms)
				BeforeProcessingInitializeOnLoad (77ms)
				ProcessInitializeOnLoadAttributes (288ms)
				ProcessInitializeOnLoadMethodAttributes (174ms)
				AfterProcessingInitializeOnLoad (1ms)
				EditorAssembliesLoaded (0ms)
			ExecutionOrderSort2 (0ms)
			AwakeInstancesAfterBackupRestoration (6ms)
Platform modules already initialized, skipping
Refreshing native plugins compatible for Editor in 3.28 ms, found 3 plugins.
Preloading 0 native plugins for Editor in 0.00 ms.
Unloading 2529 Unused Serialized files (Serialized files now loaded: 0)
Unloading 55 unused Assets / (0.5 MB). Loaded Objects now: 3033.
Memory consumption went from 214.2 MB to 213.7 MB.
Total: 7.703160 ms (FindLiveObjects: 0.257481 ms CreateObjectMapping: 0.113305 ms MarkObjects: 6.993523 ms  DeleteObjects: 0.337859 ms)

AssetImportParameters requested are different than current active one (requested -> active):
  custom:video-decoder-ogg-theora: a1e56fd34408186e4bbccfd4996cb3dc -> 
  custom:container-muxer-webm: aa71ff27fc2769a1b78a27578f13a17b -> 
  custom:container-demuxer-webm: 4f35f7cbe854078d1ac9338744f61a02 -> 
  custom:video-encoder-webm-vp8: eb34c28f22e8b96e1ab97ce403110664 -> 
  custom:framework-osx-AVFoundation: b23960f63f64bdc6ff669e2cdcee2391 -> 
  custom:audio-encoder-webm-vorbis: bf7c407c2cedff20999df2af8eb42d56 -> 
  custom:container-demuxer-ogg: 62fdf1f143b41e24485cea50d1cbac27 -> 
  custom:video-decoder-webm-vp8: 9c59270c3fd7afecdb556c50c9e8de78 -> 
  custom:audio-decoder-ogg-vorbis: bf7c407c2cedff20999df2af8eb42d56 -> 
========================================================================
Received Prepare
Registering precompiled user dll's ...
Registered in 0.001900 seconds.
Begin MonoManager ReloadAssembly
Native extension for WindowsStandalone target not found
Native extension for iOS target not found
2024-07-10 09:54:16.234 Unity[18652:2753330] [XcodeApplications] Expected com.apple.dt.Xcode CFBundleIdentifier but found com.DanPristupov.Fork in /Applications/Fork.app/Contents/Info.plist
Native extension for Android target not found
Native extension for OSXStandalone target not found
Refreshing native plugins compatible for Editor in 0.82 ms, found 3 plugins.
Preloading 0 native plugins for Editor in 0.00 ms.
Mono: successfully reloaded assembly
- Completed reload, in  1.474 seconds
Domain Reload Profiling:
	ReloadAssembly (1474ms)
		BeginReloadAssembly (166ms)
			ExecutionOrderSort (0ms)
			DisableScriptedObjects (12ms)
			BackupInstance (0ms)
			ReleaseScriptingObjects (0ms)
			CreateAndSetChildDomain (71ms)
		EndReloadAssembly (1168ms)
			LoadAssemblies (72ms)
			RebuildTransferFunctionScriptingTraits (0ms)
			SetupTypeCache (317ms)
			ReleaseScriptCaches (2ms)
			RebuildScriptCaches (77ms)
			SetupLoadedEditorAssemblies (621ms)
				LogAssemblyErrors (0ms)
				InitializePlatformSupportModulesInManaged (39ms)
				SetLoadedEditorAssemblies (1ms)
				RefreshPlugins (1ms)
				BeforeProcessingInitializeOnLoad (82ms)
				ProcessInitializeOnLoadAttributes (309ms)
				ProcessInitializeOnLoadMethodAttributes (186ms)
				AfterProcessingInitializeOnLoad (1ms)
				EditorAssembliesLoaded (0ms)
			ExecutionOrderSort2 (0ms)
			AwakeInstancesAfterBackupRestoration (6ms)
Platform modules already initialized, skipping
Refreshing native plugins compatible for Editor in 3.33 ms, found 3 plugins.
Preloading 0 native plugins for Editor in 0.00 ms.
Unloading 2529 Unused Serialized files (Serialized files now loaded: 0)
Unloading 53 unused Assets / (23.0 KB). Loaded Objects now: 3036.
Memory consumption went from 214.0 MB to 213.9 MB.
Total: 8.371188 ms (FindLiveObjects: 0.211840 ms CreateObjectMapping: 0.105759 ms MarkObjects: 8.013038 ms  DeleteObjects: 0.039327 ms)

AssetImportParameters requested are different than current active one (requested -> active):
  custom:video-decoder-ogg-theora: a1e56fd34408186e4bbccfd4996cb3dc -> 
  custom:container-muxer-webm: aa71ff27fc2769a1b78a27578f13a17b -> 
  custom:container-demuxer-webm: 4f35f7cbe854078d1ac9338744f61a02 -> 
  custom:video-encoder-webm-vp8: eb34c28f22e8b96e1ab97ce403110664 -> 
  custom:framework-osx-AVFoundation: b23960f63f64bdc6ff669e2cdcee2391 -> 
  custom:audio-encoder-webm-vorbis: bf7c407c2cedff20999df2af8eb42d56 -> 
  custom:container-demuxer-ogg: 62fdf1f143b41e24485cea50d1cbac27 -> 
  custom:video-decoder-webm-vp8: 9c59270c3fd7afecdb556c50c9e8de78 -> 
  custom:audio-decoder-ogg-vorbis: bf7c407c2cedff20999df2af8eb42d56 -> 
========================================================================
Received Prepare
Registering precompiled user dll's ...
Registered in 0.002433 seconds.
Begin MonoManager ReloadAssembly
Native extension for WindowsStandalone target not found
Native extension for iOS target not found
2024-07-10 09:55:07.734 Unity[18652:2753330] [XcodeApplications] Expected com.apple.dt.Xcode CFBundleIdentifier but found com.DanPristupov.Fork in /Applications/Fork.app/Contents/Info.plist
Native extension for Android target not found
Native extension for OSXStandalone target not found
Refreshing native plugins compatible for Editor in 0.74 ms, found 3 plugins.
Preloading 0 native plugins for Editor in 0.00 ms.
Mono: successfully reloaded assembly
- Completed reload, in  1.433 seconds
Domain Reload Profiling:
	ReloadAssembly (1433ms)
		BeginReloadAssembly (159ms)
			ExecutionOrderSort (0ms)
			DisableScriptedObjects (10ms)
			BackupInstance (0ms)
			ReleaseScriptingObjects (0ms)
			CreateAndSetChildDomain (69ms)
		EndReloadAssembly (1140ms)
			LoadAssemblies (70ms)
			RebuildTransferFunctionScriptingTraits (0ms)
			SetupTypeCache (306ms)
			ReleaseScriptCaches (2ms)
			RebuildScriptCaches (74ms)
			SetupLoadedEditorAssemblies (610ms)
				LogAssemblyErrors (0ms)
				InitializePlatformSupportModulesInManaged (39ms)
				SetLoadedEditorAssemblies (1ms)
				RefreshPlugins (1ms)
				BeforeProcessingInitializeOnLoad (81ms)
				ProcessInitializeOnLoadAttributes (304ms)
				ProcessInitializeOnLoadMethodAttributes (183ms)
				AfterProcessingInitializeOnLoad (1ms)
				EditorAssembliesLoaded (0ms)
			ExecutionOrderSort2 (0ms)
			AwakeInstancesAfterBackupRestoration (6ms)
Platform modules already initialized, skipping
Refreshing native plugins compatible for Editor in 3.75 ms, found 3 plugins.
Preloading 0 native plugins for Editor in 0.00 ms.
Unloading 2529 Unused Serialized files (Serialized files now loaded: 0)
Unloading 53 unused Assets / (23.1 KB). Loaded Objects now: 3039.
Memory consumption went from 214.2 MB to 214.2 MB.
Total: 8.800701 ms (FindLiveObjects: 0.249220 ms CreateObjectMapping: 0.116031 ms MarkObjects: 8.394962 ms  DeleteObjects: 0.039481 ms)

AssetImportParameters requested are different than current active one (requested -> active):
  custom:video-decoder-ogg-theora: a1e56fd34408186e4bbccfd4996cb3dc -> 
  custom:container-muxer-webm: aa71ff27fc2769a1b78a27578f13a17b -> 
  custom:container-demuxer-webm: 4f35f7cbe854078d1ac9338744f61a02 -> 
  custom:video-encoder-webm-vp8: eb34c28f22e8b96e1ab97ce403110664 -> 
  custom:framework-osx-AVFoundation: b23960f63f64bdc6ff669e2cdcee2391 -> 
  custom:audio-encoder-webm-vorbis: bf7c407c2cedff20999df2af8eb42d56 -> 
  custom:container-demuxer-ogg: 62fdf1f143b41e24485cea50d1cbac27 -> 
  custom:video-decoder-webm-vp8: 9c59270c3fd7afecdb556c50c9e8de78 -> 
  custom:audio-decoder-ogg-vorbis: bf7c407c2cedff20999df2af8eb42d56 -> 
========================================================================
Received Prepare
Registering precompiled user dll's ...
Registered in 0.002154 seconds.
Begin MonoManager ReloadAssembly
Native extension for WindowsStandalone target not found
Native extension for iOS target not found
2024-07-10 09:56:39.077 Unity[18652:2753330] [XcodeApplications] Expected com.apple.dt.Xcode CFBundleIdentifier but found com.DanPristupov.Fork in /Applications/Fork.app/Contents/Info.plist
Native extension for Android target not found
Native extension for OSXStandalone target not found
Refreshing native plugins compatible for Editor in 0.82 ms, found 3 plugins.
Preloading 0 native plugins for Editor in 0.00 ms.
Mono: successfully reloaded assembly
- Completed reload, in  1.396 seconds
Domain Reload Profiling:
	ReloadAssembly (1397ms)
		BeginReloadAssembly (159ms)
			ExecutionOrderSort (0ms)
			DisableScriptedObjects (10ms)
			BackupInstance (0ms)
			ReleaseScriptingObjects (0ms)
			CreateAndSetChildDomain (68ms)
		EndReloadAssembly (1097ms)
			LoadAssemblies (72ms)
			RebuildTransferFunctionScriptingTraits (0ms)
			SetupTypeCache (309ms)
			ReleaseScriptCaches (2ms)
			RebuildScriptCaches (73ms)
			SetupLoadedEditorAssemblies (571ms)
				LogAssemblyErrors (0ms)
				InitializePlatformSupportModulesInManaged (37ms)
				SetLoadedEditorAssemblies (1ms)
				RefreshPlugins (1ms)
				BeforeProcessingInitializeOnLoad (78ms)
				ProcessInitializeOnLoadAttributes (288ms)
				ProcessInitializeOnLoadMethodAttributes (164ms)
				AfterProcessingInitializeOnLoad (1ms)
				EditorAssembliesLoaded (0ms)
			ExecutionOrderSort2 (0ms)
			AwakeInstancesAfterBackupRestoration (5ms)
Platform modules already initialized, skipping
Refreshing native plugins compatible for Editor in 3.17 ms, found 3 plugins.
Preloading 0 native plugins for Editor in 0.00 ms.
Unloading 2529 Unused Serialized files (Serialized files now loaded: 0)
Unloading 53 unused Assets / (23.1 KB). Loaded Objects now: 3042.
Memory consumption went from 214.4 MB to 214.4 MB.
Total: 7.393951 ms (FindLiveObjects: 0.237924 ms CreateObjectMapping: 0.106482 ms MarkObjects: 7.019874 ms  DeleteObjects: 0.028807 ms)

AssetImportParameters requested are different than current active one (requested -> active):
  custom:video-decoder-ogg-theora: a1e56fd34408186e4bbccfd4996cb3dc -> 
  custom:container-muxer-webm: aa71ff27fc2769a1b78a27578f13a17b -> 
  custom:container-demuxer-webm: 4f35f7cbe854078d1ac9338744f61a02 -> 
  custom:video-encoder-webm-vp8: eb34c28f22e8b96e1ab97ce403110664 -> 
  custom:framework-osx-AVFoundation: b23960f63f64bdc6ff669e2cdcee2391 -> 
  custom:audio-encoder-webm-vorbis: bf7c407c2cedff20999df2af8eb42d56 -> 
  custom:container-demuxer-ogg: 62fdf1f143b41e24485cea50d1cbac27 -> 
  custom:video-decoder-webm-vp8: 9c59270c3fd7afecdb556c50c9e8de78 -> 
  custom:audio-decoder-ogg-vorbis: bf7c407c2cedff20999df2af8eb42d56 -> 
========================================================================
Received Prepare
Refreshing native plugins compatible for Editor in 6.33 ms, found 3 plugins.
Preloading 0 native plugins for Editor in 0.00 ms.
Unloading 53 Unused Serialized files (Serialized files now loaded: 0)
Unloading 53 unused Assets / (23.3 KB). Loaded Objects now: 3042.
Memory consumption went from 164.1 MB to 164.1 MB.
Total: 7.733231 ms (FindLiveObjects: 0.259073 ms CreateObjectMapping: 0.158738 ms MarkObjects: 7.279582 ms  DeleteObjects: 0.034522 ms)

AssetImportParameters requested are different than current active one (requested -> active):
  custom:video-decoder-ogg-theora: a1e56fd34408186e4bbccfd4996cb3dc -> 
  custom:container-muxer-webm: aa71ff27fc2769a1b78a27578f13a17b -> 
  custom:container-demuxer-webm: 4f35f7cbe854078d1ac9338744f61a02 -> 
  custom:video-encoder-webm-vp8: eb34c28f22e8b96e1ab97ce403110664 -> 
  custom:framework-osx-AVFoundation: b23960f63f64bdc6ff669e2cdcee2391 -> 
  custom:audio-encoder-webm-vorbis: bf7c407c2cedff20999df2af8eb42d56 -> 
  custom:container-demuxer-ogg: 62fdf1f143b41e24485cea50d1cbac27 -> 
  custom:video-decoder-webm-vp8: 9c59270c3fd7afecdb556c50c9e8de78 -> 
  custom:audio-decoder-ogg-vorbis: bf7c407c2cedff20999df2af8eb42d56 -> 
